CRITICAL - 2023-12-04 15:59:58 --> Undefined global variable $_SESSION
in APPPATH\Views\dashboard\includes\header.php on line 18.
 1 APPPATH\Views\dashboard\includes\header.php(18): CodeIgniter\Debug\Exceptions->errorHandler(2, 'Undefined global variable $_SESSION', 'C:\\laragon\\www\\method-oldagehome\\app\\Views\\dashboard\\includes\\header.php', 18)
 2 APPPATH\Views\dashboard\dash.php(19): include_once('C:\\laragon\\www\\method-oldagehome\\app\\Views\\dashboard\\includes\\header.php')
 3 SYSTEMPATH\View\View.php(226): include('C:\\laragon\\www\\method-oldagehome\\app\\Views\\dashboard\\dash.php')
 4 SYSTEMPATH\View\View.php(229): CodeIgniter\View\View->CodeIgniter\View\{closure}()
 5 SYSTEMPATH\Common.php(1188): CodeIgniter\View\View->render('dashboard/dash', [], true)
 6 APPPATH\Controllers\ViewController.php(39): view('dashboard/dash')
 7 SYSTEMPATH\CodeIgniter.php(919): App\Controllers\ViewController->dash()
 8 SYSTEMPATH\CodeIgniter.php(494): CodeIgniter\CodeIgniter->runController(Object(App\Controllers\ViewController))
 9 SYSTEMPATH\CodeIgniter.php(353): CodeIgniter\CodeIgniter->handleRequest(null, Object(Config\Cache), false)
10 FCPATH\index.php(79): CodeIgniter\CodeIgniter->run()
11 SYSTEMPATH\Commands\Server\rewrite.php(47): require_once('C:\\laragon\\www\\method-oldagehome\\public\\index.php')
CRITICAL - 2023-12-04 16:01:11 --> Undefined global variable $_SESSION
in APPPATH\Views\dashboard\includes\header.php on line 18.
 1 APPPATH\Views\dashboard\includes\header.php(18): CodeIgniter\Debug\Exceptions->errorHandler(2, 'Undefined global variable $_SESSION', 'C:\\laragon\\www\\method-oldagehome\\app\\Views\\dashboard\\includes\\header.php', 18)
 2 APPPATH\Views\dashboard\dash.php(19): include_once('C:\\laragon\\www\\method-oldagehome\\app\\Views\\dashboard\\includes\\header.php')
 3 SYSTEMPATH\View\View.php(226): include('C:\\laragon\\www\\method-oldagehome\\app\\Views\\dashboard\\dash.php')
 4 SYSTEMPATH\View\View.php(229): CodeIgniter\View\View->CodeIgniter\View\{closure}()
 5 SYSTEMPATH\Common.php(1188): CodeIgniter\View\View->render('dashboard/dash', [], true)
 6 APPPATH\Controllers\ViewController.php(39): view('dashboard/dash')
 7 SYSTEMPATH\CodeIgniter.php(919): App\Controllers\ViewController->dash()
 8 SYSTEMPATH\CodeIgniter.php(494): CodeIgniter\CodeIgniter->runController(Object(App\Controllers\ViewController))
 9 SYSTEMPATH\CodeIgniter.php(353): CodeIgniter\CodeIgniter->handleRequest(null, Object(Config\Cache), false)
10 FCPATH\index.php(79): CodeIgniter\CodeIgniter->run()
11 SYSTEMPATH\Commands\Server\rewrite.php(47): require_once('C:\\laragon\\www\\method-oldagehome\\public\\index.php')
CRITICAL - 2023-12-04 16:01:13 --> Undefined global variable $_SESSION
in APPPATH\Views\dashboard\includes\header.php on line 18.
 1 APPPATH\Views\dashboard\includes\header.php(18): CodeIgniter\Debug\Exceptions->errorHandler(2, 'Undefined global variable $_SESSION', 'C:\\laragon\\www\\method-oldagehome\\app\\Views\\dashboard\\includes\\header.php', 18)
 2 APPPATH\Views\dashboard\dash.php(19): include_once('C:\\laragon\\www\\method-oldagehome\\app\\Views\\dashboard\\includes\\header.php')
 3 SYSTEMPATH\View\View.php(226): include('C:\\laragon\\www\\method-oldagehome\\app\\Views\\dashboard\\dash.php')
 4 SYSTEMPATH\View\View.php(229): CodeIgniter\View\View->CodeIgniter\View\{closure}()
 5 SYSTEMPATH\Common.php(1188): CodeIgniter\View\View->render('dashboard/dash', [], true)
 6 APPPATH\Controllers\ViewController.php(39): view('dashboard/dash')
 7 SYSTEMPATH\CodeIgniter.php(919): App\Controllers\ViewController->dash()
 8 SYSTEMPATH\CodeIgniter.php(494): CodeIgniter\CodeIgniter->runController(Object(App\Controllers\ViewController))
 9 SYSTEMPATH\CodeIgniter.php(353): CodeIgniter\CodeIgniter->handleRequest(null, Object(Config\Cache), false)
10 FCPATH\index.php(79): CodeIgniter\CodeIgniter->run()
11 SYSTEMPATH\Commands\Server\rewrite.php(47): require_once('C:\\laragon\\www\\method-oldagehome\\public\\index.php')
CRITICAL - 2023-12-04 16:01:13 --> Undefined global variable $_SESSION
in APPPATH\Views\dashboard\includes\header.php on line 18.
 1 APPPATH\Views\dashboard\includes\header.php(18): CodeIgniter\Debug\Exceptions->errorHandler(2, 'Undefined global variable $_SESSION', 'C:\\laragon\\www\\method-oldagehome\\app\\Views\\dashboard\\includes\\header.php', 18)
 2 APPPATH\Views\dashboard\dash.php(19): include_once('C:\\laragon\\www\\method-oldagehome\\app\\Views\\dashboard\\includes\\header.php')
 3 SYSTEMPATH\View\View.php(226): include('C:\\laragon\\www\\method-oldagehome\\app\\Views\\dashboard\\dash.php')
 4 SYSTEMPATH\View\View.php(229): CodeIgniter\View\View->CodeIgniter\View\{closure}()
 5 SYSTEMPATH\Common.php(1188): CodeIgniter\View\View->render('dashboard/dash', [], true)
 6 APPPATH\Controllers\ViewController.php(39): view('dashboard/dash')
 7 SYSTEMPATH\CodeIgniter.php(919): App\Controllers\ViewController->dash()
 8 SYSTEMPATH\CodeIgniter.php(494): CodeIgniter\CodeIgniter->runController(Object(App\Controllers\ViewController))
 9 SYSTEMPATH\CodeIgniter.php(353): CodeIgniter\CodeIgniter->handleRequest(null, Object(Config\Cache), false)
10 FCPATH\index.php(79): CodeIgniter\CodeIgniter->run()
11 SYSTEMPATH\Commands\Server\rewrite.php(47): require_once('C:\\laragon\\www\\method-oldagehome\\public\\index.php')
CRITICAL - 2023-12-04 16:01:13 --> Undefined global variable $_SESSION
in APPPATH\Views\dashboard\includes\header.php on line 18.
 1 APPPATH\Views\dashboard\includes\header.php(18): CodeIgniter\Debug\Exceptions->errorHandler(2, 'Undefined global variable $_SESSION', 'C:\\laragon\\www\\method-oldagehome\\app\\Views\\dashboard\\includes\\header.php', 18)
 2 APPPATH\Views\dashboard\dash.php(19): include_once('C:\\laragon\\www\\method-oldagehome\\app\\Views\\dashboard\\includes\\header.php')
 3 SYSTEMPATH\View\View.php(226): include('C:\\laragon\\www\\method-oldagehome\\app\\Views\\dashboard\\dash.php')
 4 SYSTEMPATH\View\View.php(229): CodeIgniter\View\View->CodeIgniter\View\{closure}()
 5 SYSTEMPATH\Common.php(1188): CodeIgniter\View\View->render('dashboard/dash', [], true)
 6 APPPATH\Controllers\ViewController.php(39): view('dashboard/dash')
 7 SYSTEMPATH\CodeIgniter.php(919): App\Controllers\ViewController->dash()
 8 SYSTEMPATH\CodeIgniter.php(494): CodeIgniter\CodeIgniter->runController(Object(App\Controllers\ViewController))
 9 SYSTEMPATH\CodeIgniter.php(353): CodeIgniter\CodeIgniter->handleRequest(null, Object(Config\Cache), false)
10 FCPATH\index.php(79): CodeIgniter\CodeIgniter->run()
11 SYSTEMPATH\Commands\Server\rewrite.php(47): require_once('C:\\laragon\\www\\method-oldagehome\\public\\index.php')
CRITICAL - 2023-12-04 16:01:14 --> Undefined global variable $_SESSION
in APPPATH\Views\dashboard\includes\header.php on line 18.
 1 APPPATH\Views\dashboard\includes\header.php(18): CodeIgniter\Debug\Exceptions->errorHandler(2, 'Undefined global variable $_SESSION', 'C:\\laragon\\www\\method-oldagehome\\app\\Views\\dashboard\\includes\\header.php', 18)
 2 APPPATH\Views\dashboard\dash.php(19): include_once('C:\\laragon\\www\\method-oldagehome\\app\\Views\\dashboard\\includes\\header.php')
 3 SYSTEMPATH\View\View.php(226): include('C:\\laragon\\www\\method-oldagehome\\app\\Views\\dashboard\\dash.php')
 4 SYSTEMPATH\View\View.php(229): CodeIgniter\View\View->CodeIgniter\View\{closure}()
 5 SYSTEMPATH\Common.php(1188): CodeIgniter\View\View->render('dashboard/dash', [], true)
 6 APPPATH\Controllers\ViewController.php(39): view('dashboard/dash')
 7 SYSTEMPATH\CodeIgniter.php(919): App\Controllers\ViewController->dash()
 8 SYSTEMPATH\CodeIgniter.php(494): CodeIgniter\CodeIgniter->runController(Object(App\Controllers\ViewController))
 9 SYSTEMPATH\CodeIgniter.php(353): CodeIgniter\CodeIgniter->handleRequest(null, Object(Config\Cache), false)
10 FCPATH\index.php(79): CodeIgniter\CodeIgniter->run()
11 SYSTEMPATH\Commands\Server\rewrite.php(47): require_once('C:\\laragon\\www\\method-oldagehome\\public\\index.php')
CRITICAL - 2023-12-04 16:01:14 --> Undefined global variable $_SESSION
in APPPATH\Views\dashboard\includes\header.php on line 18.
 1 APPPATH\Views\dashboard\includes\header.php(18): CodeIgniter\Debug\Exceptions->errorHandler(2, 'Undefined global variable $_SESSION', 'C:\\laragon\\www\\method-oldagehome\\app\\Views\\dashboard\\includes\\header.php', 18)
 2 APPPATH\Views\dashboard\dash.php(19): include_once('C:\\laragon\\www\\method-oldagehome\\app\\Views\\dashboard\\includes\\header.php')
 3 SYSTEMPATH\View\View.php(226): include('C:\\laragon\\www\\method-oldagehome\\app\\Views\\dashboard\\dash.php')
 4 SYSTEMPATH\View\View.php(229): CodeIgniter\View\View->CodeIgniter\View\{closure}()
 5 SYSTEMPATH\Common.php(1188): CodeIgniter\View\View->render('dashboard/dash', [], true)
 6 APPPATH\Controllers\ViewController.php(39): view('dashboard/dash')
 7 SYSTEMPATH\CodeIgniter.php(919): App\Controllers\ViewController->dash()
 8 SYSTEMPATH\CodeIgniter.php(494): CodeIgniter\CodeIgniter->runController(Object(App\Controllers\ViewController))
 9 SYSTEMPATH\CodeIgniter.php(353): CodeIgniter\CodeIgniter->handleRequest(null, Object(Config\Cache), false)
10 FCPATH\index.php(79): CodeIgniter\CodeIgniter->run()
11 SYSTEMPATH\Commands\Server\rewrite.php(47): require_once('C:\\laragon\\www\\method-oldagehome\\public\\index.php')
CRITICAL - 2023-12-04 16:01:14 --> Undefined global variable $_SESSION
in APPPATH\Views\dashboard\includes\header.php on line 18.
 1 APPPATH\Views\dashboard\includes\header.php(18): CodeIgniter\Debug\Exceptions->errorHandler(2, 'Undefined global variable $_SESSION', 'C:\\laragon\\www\\method-oldagehome\\app\\Views\\dashboard\\includes\\header.php', 18)
 2 APPPATH\Views\dashboard\dash.php(19): include_once('C:\\laragon\\www\\method-oldagehome\\app\\Views\\dashboard\\includes\\header.php')
 3 SYSTEMPATH\View\View.php(226): include('C:\\laragon\\www\\method-oldagehome\\app\\Views\\dashboard\\dash.php')
 4 SYSTEMPATH\View\View.php(229): CodeIgniter\View\View->CodeIgniter\View\{closure}()
 5 SYSTEMPATH\Common.php(1188): CodeIgniter\View\View->render('dashboard/dash', [], true)
 6 APPPATH\Controllers\ViewController.php(39): view('dashboard/dash')
 7 SYSTEMPATH\CodeIgniter.php(919): App\Controllers\ViewController->dash()
 8 SYSTEMPATH\CodeIgniter.php(494): CodeIgniter\CodeIgniter->runController(Object(App\Controllers\ViewController))
 9 SYSTEMPATH\CodeIgniter.php(353): CodeIgniter\CodeIgniter->handleRequest(null, Object(Config\Cache), false)
10 FCPATH\index.php(79): CodeIgniter\CodeIgniter->run()
11 SYSTEMPATH\Commands\Server\rewrite.php(47): require_once('C:\\laragon\\www\\method-oldagehome\\public\\index.php')
CRITICAL - 2023-12-04 16:01:15 --> Undefined global variable $_SESSION
in APPPATH\Views\dashboard\includes\header.php on line 18.
 1 APPPATH\Views\dashboard\includes\header.php(18): CodeIgniter\Debug\Exceptions->errorHandler(2, 'Undefined global variable $_SESSION', 'C:\\laragon\\www\\method-oldagehome\\app\\Views\\dashboard\\includes\\header.php', 18)
 2 APPPATH\Views\dashboard\dash.php(19): include_once('C:\\laragon\\www\\method-oldagehome\\app\\Views\\dashboard\\includes\\header.php')
 3 SYSTEMPATH\View\View.php(226): include('C:\\laragon\\www\\method-oldagehome\\app\\Views\\dashboard\\dash.php')
 4 SYSTEMPATH\View\View.php(229): CodeIgniter\View\View->CodeIgniter\View\{closure}()
 5 SYSTEMPATH\Common.php(1188): CodeIgniter\View\View->render('dashboard/dash', [], true)
 6 APPPATH\Controllers\ViewController.php(39): view('dashboard/dash')
 7 SYSTEMPATH\CodeIgniter.php(919): App\Controllers\ViewController->dash()
 8 SYSTEMPATH\CodeIgniter.php(494): CodeIgniter\CodeIgniter->runController(Object(App\Controllers\ViewController))
 9 SYSTEMPATH\CodeIgniter.php(353): CodeIgniter\CodeIgniter->handleRequest(null, Object(Config\Cache), false)
10 FCPATH\index.php(79): CodeIgniter\CodeIgniter->run()
11 SYSTEMPATH\Commands\Server\rewrite.php(47): require_once('C:\\laragon\\www\\method-oldagehome\\public\\index.php')
CRITICAL - 2023-12-04 16:01:15 --> Undefined global variable $_SESSION
in APPPATH\Views\dashboard\includes\header.php on line 18.
 1 APPPATH\Views\dashboard\includes\header.php(18): CodeIgniter\Debug\Exceptions->errorHandler(2, 'Undefined global variable $_SESSION', 'C:\\laragon\\www\\method-oldagehome\\app\\Views\\dashboard\\includes\\header.php', 18)
 2 APPPATH\Views\dashboard\dash.php(19): include_once('C:\\laragon\\www\\method-oldagehome\\app\\Views\\dashboard\\includes\\header.php')
 3 SYSTEMPATH\View\View.php(226): include('C:\\laragon\\www\\method-oldagehome\\app\\Views\\dashboard\\dash.php')
 4 SYSTEMPATH\View\View.php(229): CodeIgniter\View\View->CodeIgniter\View\{closure}()
 5 SYSTEMPATH\Common.php(1188): CodeIgniter\View\View->render('dashboard/dash', [], true)
 6 APPPATH\Controllers\ViewController.php(39): view('dashboard/dash')
 7 SYSTEMPATH\CodeIgniter.php(919): App\Controllers\ViewController->dash()
 8 SYSTEMPATH\CodeIgniter.php(494): CodeIgniter\CodeIgniter->runController(Object(App\Controllers\ViewController))
 9 SYSTEMPATH\CodeIgniter.php(353): CodeIgniter\CodeIgniter->handleRequest(null, Object(Config\Cache), false)
10 FCPATH\index.php(79): CodeIgniter\CodeIgniter->run()
11 SYSTEMPATH\Commands\Server\rewrite.php(47): require_once('C:\\laragon\\www\\method-oldagehome\\public\\index.php')
CRITICAL - 2023-12-04 16:01:15 --> Undefined global variable $_SESSION
in APPPATH\Views\dashboard\includes\header.php on line 18.
 1 APPPATH\Views\dashboard\includes\header.php(18): CodeIgniter\Debug\Exceptions->errorHandler(2, 'Undefined global variable $_SESSION', 'C:\\laragon\\www\\method-oldagehome\\app\\Views\\dashboard\\includes\\header.php', 18)
 2 APPPATH\Views\dashboard\dash.php(19): include_once('C:\\laragon\\www\\method-oldagehome\\app\\Views\\dashboard\\includes\\header.php')
 3 SYSTEMPATH\View\View.php(226): include('C:\\laragon\\www\\method-oldagehome\\app\\Views\\dashboard\\dash.php')
 4 SYSTEMPATH\View\View.php(229): CodeIgniter\View\View->CodeIgniter\View\{closure}()
 5 SYSTEMPATH\Common.php(1188): CodeIgniter\View\View->render('dashboard/dash', [], true)
 6 APPPATH\Controllers\ViewController.php(39): view('dashboard/dash')
 7 SYSTEMPATH\CodeIgniter.php(919): App\Controllers\ViewController->dash()
 8 SYSTEMPATH\CodeIgniter.php(494): CodeIgniter\CodeIgniter->runController(Object(App\Controllers\ViewController))
 9 SYSTEMPATH\CodeIgniter.php(353): CodeIgniter\CodeIgniter->handleRequest(null, Object(Config\Cache), false)
10 FCPATH\index.php(79): CodeIgniter\CodeIgniter->run()
11 SYSTEMPATH\Commands\Server\rewrite.php(47): require_once('C:\\laragon\\www\\method-oldagehome\\public\\index.php')
CRITICAL - 2023-12-04 16:01:16 --> Undefined global variable $_SESSION
in APPPATH\Views\dashboard\includes\header.php on line 18.
 1 APPPATH\Views\dashboard\includes\header.php(18): CodeIgniter\Debug\Exceptions->errorHandler(2, 'Undefined global variable $_SESSION', 'C:\\laragon\\www\\method-oldagehome\\app\\Views\\dashboard\\includes\\header.php', 18)
 2 APPPATH\Views\dashboard\dash.php(19): include_once('C:\\laragon\\www\\method-oldagehome\\app\\Views\\dashboard\\includes\\header.php')
 3 SYSTEMPATH\View\View.php(226): include('C:\\laragon\\www\\method-oldagehome\\app\\Views\\dashboard\\dash.php')
 4 SYSTEMPATH\View\View.php(229): CodeIgniter\View\View->CodeIgniter\View\{closure}()
 5 SYSTEMPATH\Common.php(1188): CodeIgniter\View\View->render('dashboard/dash', [], true)
 6 APPPATH\Controllers\ViewController.php(39): view('dashboard/dash')
 7 SYSTEMPATH\CodeIgniter.php(919): App\Controllers\ViewController->dash()
 8 SYSTEMPATH\CodeIgniter.php(494): CodeIgniter\CodeIgniter->runController(Object(App\Controllers\ViewController))
 9 SYSTEMPATH\CodeIgniter.php(353): CodeIgniter\CodeIgniter->handleRequest(null, Object(Config\Cache), false)
10 FCPATH\index.php(79): CodeIgniter\CodeIgniter->run()
11 SYSTEMPATH\Commands\Server\rewrite.php(47): require_once('C:\\laragon\\www\\method-oldagehome\\public\\index.php')
CRITICAL - 2023-12-04 16:01:16 --> Undefined global variable $_SESSION
in APPPATH\Views\dashboard\includes\header.php on line 18.
 1 APPPATH\Views\dashboard\includes\header.php(18): CodeIgniter\Debug\Exceptions->errorHandler(2, 'Undefined global variable $_SESSION', 'C:\\laragon\\www\\method-oldagehome\\app\\Views\\dashboard\\includes\\header.php', 18)
 2 APPPATH\Views\dashboard\dash.php(19): include_once('C:\\laragon\\www\\method-oldagehome\\app\\Views\\dashboard\\includes\\header.php')
 3 SYSTEMPATH\View\View.php(226): include('C:\\laragon\\www\\method-oldagehome\\app\\Views\\dashboard\\dash.php')
 4 SYSTEMPATH\View\View.php(229): CodeIgniter\View\View->CodeIgniter\View\{closure}()
 5 SYSTEMPATH\Common.php(1188): CodeIgniter\View\View->render('dashboard/dash', [], true)
 6 APPPATH\Controllers\ViewController.php(39): view('dashboard/dash')
 7 SYSTEMPATH\CodeIgniter.php(919): App\Controllers\ViewController->dash()
 8 SYSTEMPATH\CodeIgniter.php(494): CodeIgniter\CodeIgniter->runController(Object(App\Controllers\ViewController))
 9 SYSTEMPATH\CodeIgniter.php(353): CodeIgniter\CodeIgniter->handleRequest(null, Object(Config\Cache), false)
10 FCPATH\index.php(79): CodeIgniter\CodeIgniter->run()
11 SYSTEMPATH\Commands\Server\rewrite.php(47): require_once('C:\\laragon\\www\\method-oldagehome\\public\\index.php')
CRITICAL - 2023-12-04 16:01:16 --> Undefined global variable $_SESSION
in APPPATH\Views\dashboard\includes\header.php on line 18.
 1 APPPATH\Views\dashboard\includes\header.php(18): CodeIgniter\Debug\Exceptions->errorHandler(2, 'Undefined global variable $_SESSION', 'C:\\laragon\\www\\method-oldagehome\\app\\Views\\dashboard\\includes\\header.php', 18)
 2 APPPATH\Views\dashboard\dash.php(19): include_once('C:\\laragon\\www\\method-oldagehome\\app\\Views\\dashboard\\includes\\header.php')
 3 SYSTEMPATH\View\View.php(226): include('C:\\laragon\\www\\method-oldagehome\\app\\Views\\dashboard\\dash.php')
 4 SYSTEMPATH\View\View.php(229): CodeIgniter\View\View->CodeIgniter\View\{closure}()
 5 SYSTEMPATH\Common.php(1188): CodeIgniter\View\View->render('dashboard/dash', [], true)
 6 APPPATH\Controllers\ViewController.php(39): view('dashboard/dash')
 7 SYSTEMPATH\CodeIgniter.php(919): App\Controllers\ViewController->dash()
 8 SYSTEMPATH\CodeIgniter.php(494): CodeIgniter\CodeIgniter->runController(Object(App\Controllers\ViewController))
 9 SYSTEMPATH\CodeIgniter.php(353): CodeIgniter\CodeIgniter->handleRequest(null, Object(Config\Cache), false)
10 FCPATH\index.php(79): CodeIgniter\CodeIgniter->run()
11 SYSTEMPATH\Commands\Server\rewrite.php(47): require_once('C:\\laragon\\www\\method-oldagehome\\public\\index.php')
CRITICAL - 2023-12-04 16:01:17 --> Undefined global variable $_SESSION
in APPPATH\Views\dashboard\includes\header.php on line 18.
 1 APPPATH\Views\dashboard\includes\header.php(18): CodeIgniter\Debug\Exceptions->errorHandler(2, 'Undefined global variable $_SESSION', 'C:\\laragon\\www\\method-oldagehome\\app\\Views\\dashboard\\includes\\header.php', 18)
 2 APPPATH\Views\dashboard\dash.php(19): include_once('C:\\laragon\\www\\method-oldagehome\\app\\Views\\dashboard\\includes\\header.php')
 3 SYSTEMPATH\View\View.php(226): include('C:\\laragon\\www\\method-oldagehome\\app\\Views\\dashboard\\dash.php')
 4 SYSTEMPATH\View\View.php(229): CodeIgniter\View\View->CodeIgniter\View\{closure}()
 5 SYSTEMPATH\Common.php(1188): CodeIgniter\View\View->render('dashboard/dash', [], true)
 6 APPPATH\Controllers\ViewController.php(39): view('dashboard/dash')
 7 SYSTEMPATH\CodeIgniter.php(919): App\Controllers\ViewController->dash()
 8 SYSTEMPATH\CodeIgniter.php(494): CodeIgniter\CodeIgniter->runController(Object(App\Controllers\ViewController))
 9 SYSTEMPATH\CodeIgniter.php(353): CodeIgniter\CodeIgniter->handleRequest(null, Object(Config\Cache), false)
10 FCPATH\index.php(79): CodeIgniter\CodeIgniter->run()
11 SYSTEMPATH\Commands\Server\rewrite.php(47): require_once('C:\\laragon\\www\\method-oldagehome\\public\\index.php')
CRITICAL - 2023-12-04 16:50:10 --> You must set the database table to be used with your query.
in SYSTEMPATH\Database\BaseConnection.php on line 883.
 1 SYSTEMPATH\Validation\StrictRules\Rules.php(194): CodeIgniter\Database\BaseConnection->table(null)
 2 SYSTEMPATH\Validation\Validation.php(309): CodeIgniter\Validation\StrictRules\Rules->is_unique('jen@gmail.com', '', [...], null, 'email')
 3 SYSTEMPATH\Validation\Validation.php(195): CodeIgniter\Validation\Validation->processRules('email', 'email', 'jen@gmail.com', [...], [...])
 4 SYSTEMPATH\Controller.php(150): CodeIgniter\Validation\Validation->run()
 5 APPPATH\Controllers\UserController.php(35): CodeIgniter\Controller->validate([...])
 6 SYSTEMPATH\CodeIgniter.php(919): App\Controllers\UserController->save()
 7 SYSTEMPATH\CodeIgniter.php(494): CodeIgniter\CodeIgniter->runController(Object(App\Controllers\UserController))
 8 SYSTEMPATH\CodeIgniter.php(353): CodeIgniter\CodeIgniter->handleRequest(null, Object(Config\Cache), false)
 9 FCPATH\index.php(79): CodeIgniter\CodeIgniter->run()
10 SYSTEMPATH\Commands\Server\rewrite.php(47): require_once('C:\\laragon\\www\\method-oldagehome\\public\\index.php')
CRITICAL - 2023-12-04 16:52:15 --> You must set the database table to be used with your query.
in SYSTEMPATH\Database\BaseConnection.php on line 883.
 1 SYSTEMPATH\Validation\StrictRules\Rules.php(194): CodeIgniter\Database\BaseConnection->table(null)
 2 SYSTEMPATH\Validation\Validation.php(309): CodeIgniter\Validation\StrictRules\Rules->is_unique('jen@gmail.com', '', [...], null, 'email')
 3 SYSTEMPATH\Validation\Validation.php(195): CodeIgniter\Validation\Validation->processRules('email', 'email', 'jen@gmail.com', [...], [...])
 4 SYSTEMPATH\Controller.php(150): CodeIgniter\Validation\Validation->run()
 5 APPPATH\Controllers\UserController.php(35): CodeIgniter\Controller->validate([...])
 6 SYSTEMPATH\CodeIgniter.php(919): App\Controllers\UserController->save()
 7 SYSTEMPATH\CodeIgniter.php(494): CodeIgniter\CodeIgniter->runController(Object(App\Controllers\UserController))
 8 SYSTEMPATH\CodeIgniter.php(353): CodeIgniter\CodeIgniter->handleRequest(null, Object(Config\Cache), false)
 9 FCPATH\index.php(79): CodeIgniter\CodeIgniter->run()
10 SYSTEMPATH\Commands\Server\rewrite.php(47): require_once('C:\\laragon\\www\\method-oldagehome\\public\\index.php')
CRITICAL - 2023-12-04 16:59:07 --> You must set the database table to be used with your query.
in SYSTEMPATH\Database\BaseConnection.php on line 883.
 1 SYSTEMPATH\Validation\StrictRules\Rules.php(194): CodeIgniter\Database\BaseConnection->table(null)
 2 SYSTEMPATH\Validation\Validation.php(309): CodeIgniter\Validation\StrictRules\Rules->is_unique('jen@gmail.com', '', [...], null, 'email')
 3 SYSTEMPATH\Validation\Validation.php(195): CodeIgniter\Validation\Validation->processRules('email', 'email', 'jen@gmail.com', [...], [...])
 4 SYSTEMPATH\Controller.php(150): CodeIgniter\Validation\Validation->run()
 5 APPPATH\Controllers\UserController.php(36): CodeIgniter\Controller->validate([...])
 6 SYSTEMPATH\CodeIgniter.php(919): App\Controllers\UserController->save()
 7 SYSTEMPATH\CodeIgniter.php(494): CodeIgniter\CodeIgniter->runController(Object(App\Controllers\UserController))
 8 SYSTEMPATH\CodeIgniter.php(353): CodeIgniter\CodeIgniter->handleRequest(null, Object(Config\Cache), false)
 9 FCPATH\index.php(79): CodeIgniter\CodeIgniter->run()
10 SYSTEMPATH\Commands\Server\rewrite.php(47): require_once('C:\\laragon\\www\\method-oldagehome\\public\\index.php')
CRITICAL - 2023-12-04 17:00:06 --> You must set the database table to be used with your query.
in SYSTEMPATH\Database\BaseConnection.php on line 883.
 1 SYSTEMPATH\Validation\StrictRules\Rules.php(194): CodeIgniter\Database\BaseConnection->table(null)
 2 SYSTEMPATH\Validation\Validation.php(309): CodeIgniter\Validation\StrictRules\Rules->is_unique('jen@gmail.com', '', [...], null, 'email')
 3 SYSTEMPATH\Validation\Validation.php(195): CodeIgniter\Validation\Validation->processRules('email', 'email', 'jen@gmail.com', [...], [...])
 4 SYSTEMPATH\Controller.php(150): CodeIgniter\Validation\Validation->run()
 5 APPPATH\Controllers\UserController.php(36): CodeIgniter\Controller->validate([...])
 6 SYSTEMPATH\CodeIgniter.php(919): App\Controllers\UserController->save()
 7 SYSTEMPATH\CodeIgniter.php(494): CodeIgniter\CodeIgniter->runController(Object(App\Controllers\UserController))
 8 SYSTEMPATH\CodeIgniter.php(353): CodeIgniter\CodeIgniter->handleRequest(null, Object(Config\Cache), false)
 9 FCPATH\index.php(79): CodeIgniter\CodeIgniter->run()
10 SYSTEMPATH\Commands\Server\rewrite.php(47): require_once('C:\\laragon\\www\\method-oldagehome\\public\\index.php')
CRITICAL - 2023-12-04 17:02:41 --> You must set the database table to be used with your query.
in SYSTEMPATH\Database\BaseConnection.php on line 883.
 1 SYSTEMPATH\Validation\StrictRules\Rules.php(194): CodeIgniter\Database\BaseConnection->table(null)
 2 SYSTEMPATH\Validation\Validation.php(309): CodeIgniter\Validation\StrictRules\Rules->is_unique('jen@gmail.com', '', [...], null, 'email')
 3 SYSTEMPATH\Validation\Validation.php(195): CodeIgniter\Validation\Validation->processRules('email', 'email', 'jen@gmail.com', [...], [...])
 4 SYSTEMPATH\Controller.php(150): CodeIgniter\Validation\Validation->run()
 5 APPPATH\Controllers\UserController.php(36): CodeIgniter\Controller->validate([...])
 6 SYSTEMPATH\CodeIgniter.php(919): App\Controllers\UserController->save()
 7 SYSTEMPATH\CodeIgniter.php(494): CodeIgniter\CodeIgniter->runController(Object(App\Controllers\UserController))
 8 SYSTEMPATH\CodeIgniter.php(353): CodeIgniter\CodeIgniter->handleRequest(null, Object(Config\Cache), false)
 9 FCPATH\index.php(79): CodeIgniter\CodeIgniter->run()
10 SYSTEMPATH\Commands\Server\rewrite.php(47): require_once('C:\\laragon\\www\\method-oldagehome\\public\\index.php')
