CRITICAL - 2023-12-05 00:14:14 --> Undefined variable $con
in APPPATH\Views\dashboard\manageservices.php on line 70.
 1 APPPATH\Views\dashboard\manageservices.php(70): CodeIgniter\Debug\Exceptions->errorHandler(2, 'Undefined variable $con', 'C:\\laragon\\www\\method-oldagehome\\app\\Views\\dashboard\\manageservices.php', 70)
 2 SYSTEMPATH\View\View.php(226): include('C:\\laragon\\www\\method-oldagehome\\app\\Views\\dashboard\\manageservices.php')
 3 SYSTEMPATH\View\View.php(229): CodeIgniter\View\View->CodeIgniter\View\{closure}()
 4 SYSTEMPATH\Common.php(1188): CodeIgniter\View\View->render('dashboard/manageservices', [], true)
 5 APPPATH\Controllers\ViewController.php(71): view('dashboard/manageservices')
 6 SYSTEMPATH\CodeIgniter.php(919): App\Controllers\ViewController->manageservices()
 7 SYSTEMPATH\CodeIgniter.php(494): CodeIgniter\CodeIgniter->runController(Object(App\Controllers\ViewController))
 8 SYSTEMPATH\CodeIgniter.php(353): CodeIgniter\CodeIgniter->handleRequest(null, Object(Config\Cache), false)
 9 FCPATH\index.php(79): CodeIgniter\CodeIgniter->run()
10 SYSTEMPATH\Commands\Server\rewrite.php(47): require_once('C:\\laragon\\www\\method-oldagehome\\public\\index.php')
CRITICAL - 2023-12-05 01:34:57 --> Invalid file: "admin/dash.php"
in SYSTEMPATH\Exceptions\FrameworkException.php on line 39.
 1 SYSTEMPATH\View\View.php(214): CodeIgniter\Exceptions\FrameworkException::forInvalidFile('admin/dash.php')
 2 SYSTEMPATH\Common.php(1188): CodeIgniter\View\View->render('admin/dash', [], true)
 3 APPPATH\Controllers\UserController.php(53): view('admin/dash', [...])
 4 SYSTEMPATH\CodeIgniter.php(919): App\Controllers\UserController->save()
 5 SYSTEMPATH\CodeIgniter.php(494): CodeIgniter\CodeIgniter->runController(Object(App\Controllers\UserController))
 6 SYSTEMPATH\CodeIgniter.php(353): CodeIgniter\CodeIgniter->handleRequest(null, Object(Config\Cache), false)
 7 FCPATH\index.php(79): CodeIgniter\CodeIgniter->run()
 8 SYSTEMPATH\Commands\Server\rewrite.php(47): require_once('C:\\laragon\\www\\method-oldagehome\\public\\index.php')
CRITICAL - 2023-12-05 01:36:04 --> Invalid file: "dash.php"
in SYSTEMPATH\Exceptions\FrameworkException.php on line 39.
 1 SYSTEMPATH\View\View.php(214): CodeIgniter\Exceptions\FrameworkException::forInvalidFile('dash.php')
 2 SYSTEMPATH\Common.php(1188): CodeIgniter\View\View->render('dash', [], true)
 3 APPPATH\Controllers\UserController.php(53): view('dash', [...])
 4 SYSTEMPATH\CodeIgniter.php(919): App\Controllers\UserController->save()
 5 SYSTEMPATH\CodeIgniter.php(494): CodeIgniter\CodeIgniter->runController(Object(App\Controllers\UserController))
 6 SYSTEMPATH\CodeIgniter.php(353): CodeIgniter\CodeIgniter->handleRequest(null, Object(Config\Cache), false)
 7 FCPATH\index.php(79): CodeIgniter\CodeIgniter->run()
 8 SYSTEMPATH\Commands\Server\rewrite.php(47): require_once('C:\\laragon\\www\\method-oldagehome\\public\\index.php')
CRITICAL - 2023-12-05 01:36:44 --> Invalid file: "admin/dash.php"
in SYSTEMPATH\Exceptions\FrameworkException.php on line 39.
 1 SYSTEMPATH\View\View.php(214): CodeIgniter\Exceptions\FrameworkException::forInvalidFile('admin/dash.php')
 2 SYSTEMPATH\Common.php(1188): CodeIgniter\View\View->render('admin/dash', [], true)
 3 APPPATH\Controllers\UserController.php(53): view('admin/dash', [...])
 4 SYSTEMPATH\CodeIgniter.php(919): App\Controllers\UserController->save()
 5 SYSTEMPATH\CodeIgniter.php(494): CodeIgniter\CodeIgniter->runController(Object(App\Controllers\UserController))
 6 SYSTEMPATH\CodeIgniter.php(353): CodeIgniter\CodeIgniter->handleRequest(null, Object(Config\Cache), false)
 7 FCPATH\index.php(79): CodeIgniter\CodeIgniter->run()
 8 SYSTEMPATH\Commands\Server\rewrite.php(47): require_once('C:\\laragon\\www\\method-oldagehome\\public\\index.php')
CRITICAL - 2023-12-05 01:37:16 --> Invalid file: "admin/dash.php"
in SYSTEMPATH\Exceptions\FrameworkException.php on line 39.
 1 SYSTEMPATH\View\View.php(214): CodeIgniter\Exceptions\FrameworkException::forInvalidFile('admin/dash.php')
 2 SYSTEMPATH\Common.php(1188): CodeIgniter\View\View->render('admin/dash', [], true)
 3 APPPATH\Controllers\UserController.php(53): view('admin/dash', [...])
 4 SYSTEMPATH\CodeIgniter.php(919): App\Controllers\UserController->save()
 5 SYSTEMPATH\CodeIgniter.php(494): CodeIgniter\CodeIgniter->runController(Object(App\Controllers\UserController))
 6 SYSTEMPATH\CodeIgniter.php(353): CodeIgniter\CodeIgniter->handleRequest(null, Object(Config\Cache), false)
 7 FCPATH\index.php(79): CodeIgniter\CodeIgniter->run()
 8 SYSTEMPATH\Commands\Server\rewrite.php(47): require_once('C:\\laragon\\www\\method-oldagehome\\public\\index.php')
